[  0%] Built target trajectory_msgs_generate_messages_lisp
[  0%] Built target geometry_msgs_generate_messages_lisp
[  0%] Built target trajectory_msgs_generate_messages_py
[  0%] Built target _myworkcell_core_generate_messages_check_deps_LocalizePart
[  0%] Built target geometry_msgs_generate_messages_py
[  0%] Built target _myworkcell_core_generate_messages_check_deps_PlanCartesianPath
[  0%] Built target trajectory_msgs_generate_messages_nodejs
[  0%] Built target geometry_msgs_generate_messages_nodejs
[  0%] Built target sensor_msgs_generate_messages_cpp
[  0%] Built target tf_generate_messages_py
[  0%] Built target object_recognition_msgs_generate_messages_nodejs
[  0%] Built target tf_generate_messages_nodejs
[  0%] Built target roscpp_generate_messages_py
[  0%] Built target actionlib_generate_messages_cpp
[  0%] Built target rosgraph_msgs_generate_messages_py
[  0%] Built target moveit_msgs_generate_messages_eus
[  0%] Built target std_msgs_generate_messages_nodejs
[  0%] Built target fake_ar_publisher_generate_messages_eus
[  0%] Built target geometry_msgs_generate_messages_cpp
[  0%] Built target trajectory_msgs_generate_messages_cpp
[  0%] Built target octomap_msgs_generate_messages_nodejs
[  0%] Built target sensor_msgs_generate_messages_eus
[  0%] Built target sensor_msgs_generate_messages_nodejs
[  0%] Built target std_msgs_generate_messages_cpp
[  0%] Built target visualization_msgs_generate_messages_nodejs
[  0%] Built target actionlib_msgs_generate_messages_cpp
[  0%] Built target visualization_msgs_generate_messages_cpp
[  0%] Built target visualization_msgs_generate_messages_eus
[  0%] Built target tf_generate_messages_cpp
[  0%] Built target sensor_msgs_generate_messages_lisp
[  0%] Built target shape_msgs_generate_messages_lisp
[  0%] Built target object_recognition_msgs_generate_messages_py
[  0%] Built target fake_ar_publisher_generate_messages_lisp
[  0%] Built target moveit_msgs_generate_messages_py
[  0%] Built target geometry_msgs_generate_messages_eus
[  0%] Built target visualization_msgs_generate_messages_lisp
[  0%] Built target fake_ar_publisher_generate_messages_py
[  0%] Built target roscpp_generate_messages_eus
[  0%] Built target std_msgs_generate_messages_lisp
[  0%] Built target rosgraph_msgs_generate_messages_cpp
[  0%] Built target object_recognition_msgs_generate_messages_lisp
[  0%] Built target rosgraph_msgs_generate_messages_nodejs
[  0%] Built target moveit_msgs_generate_messages_cpp
[  0%] Built target tf_generate_messages_eus
[  0%] Built target sensor_msgs_generate_messages_py
[  0%] Built target roscpp_generate_messages_nodejs
[  0%] Built target shape_msgs_generate_messages_cpp
[  0%] Built target rosgraph_msgs_generate_messages_lisp
[  0%] Built target rosgraph_msgs_generate_messages_eus
[  0%] Built target std_msgs_generate_messages_py
[  0%] Built target fake_ar_publisher_generate_messages_cpp
[  0%] Built target actionlib_msgs_generate_messages_lisp
[  0%] Built target visualization_msgs_generate_messages_py
[  0%] Built target std_msgs_generate_messages_eus
[  0%] Built target actionlib_generate_messages_eus
[  0%] Built target actionlib_generate_messages_lisp
[  0%] Built target actionlib_msgs_generate_messages_eus
[  0%] Built target actionlib_generate_messages_py
[  0%] Built target actionlib_msgs_generate_messages_nodejs
[  0%] Built target tf2_msgs_generate_messages_cpp
[  0%] Built target tf2_msgs_generate_messages_eus
[  0%] Built target tf2_msgs_generate_messages_lisp
[  0%] Built target fake_ar_publisher_generate_messages_nodejs
[  0%] Built target tf2_msgs_generate_messages_nodejs
[  0%] Built target moveit_ros_planning_gencfg
[  0%] Built target actionlib_msgs_generate_messages_py
[  0%] Built target shape_msgs_generate_messages_eus
[  0%] Built target shape_msgs_generate_messages_nodejs
[  0%] Built target shape_msgs_generate_messages_py
[  0%] Built target tf2_msgs_generate_messages_py
[  0%] Built target moveit_msgs_generate_messages_lisp
[  0%] Built target tf_generate_messages_lisp
[  9%] Built target myworkcell_core_generate_messages_cpp
[  9%] Built target moveit_msgs_generate_messages_nodejs
[  9%] Built target trajectory_msgs_generate_messages_eus
[  9%] Built target actionlib_generate_messages_nodejs
[  9%] Built target object_recognition_msgs_generate_messages_cpp
[  9%] Built target octomap_msgs_generate_messages_eus
[  9%] Built target roscpp_generate_messages_lisp
[ 22%] Built target myworkcell_core_generate_messages_eus
[ 22%] Built target object_recognition_msgs_generate_messages_eus
[ 22%] Built target octomap_msgs_generate_messages_cpp
[ 22%] Built target octomap_msgs_generate_messages_lisp
[ 22%] Built target octomap_msgs_generate_messages_py
[ 22%] Built target roscpp_generate_messages_cpp
[ 31%] Built target myworkcell_core_generate_messages_lisp
[ 31%] Built target moveit_ros_manipulation_gencfg
[ 45%] Built target myworkcell_core_generate_messages_py
[ 54%] Built target myworkcell_core_generate_messages_nodejs
[35m[1mScanning dependencies of target adv_descartes_node[0m
[ 63%] Built target adv_myworkcell_node
[ 72%] Built target descartes_node
[ 81%] Built target myworkcell_node
[ 81%] Built target myworkcell_core_generate_messages
[ 86%] [32mBuilding CXX object CMakeFiles/adv_descartes_node.dir/src/adv_descartes_node.cpp.o[0m
[ 95%] Built target vision_node
[01m[K/home/jyk/ws_catkin/src/myworkcell_core/src/adv_descartes_node.cpp:273:0:[m[K [01;31m[Kerror: [m[Kunterminated argument list invoking macro "ROS_INFO_STREAM"
 }
[01;32m[K ^[m[K
[01m[K/home/jyk/ws_catkin/src/myworkcell_core/src/adv_descartes_node.cpp:99:5:[m[K [01;31m[Kerror: [m[Kexpected ‘[01m[K}[m[K’ at end of input
     ROS_INFO_STREAM(tool_pose.size();
[01;32m[K     ^[m[K
[01m[K/home/jyk/ws_catkin/src/myworkcell_core/src/adv_descartes_node.cpp:[m[K In constructor ‘[01m[KCartesianPlanner::CartesianPlanner(ros::NodeHandle&)[m[K’:
[01m[K/home/jyk/ws_catkin/src/myworkcell_core/src/adv_descartes_node.cpp:55:5:[m[K [01;31m[Kerror: [m[K‘[01m[Kserver_[m[K’ was not declared in this scope
     server_ = nh.advertiseService("adv_plan_path", &CartesianPlanner::planPath, this);
[01;32m[K     ^[m[K
[01m[K/home/jyk/ws_catkin/src/myworkcell_core/src/adv_descartes_node.cpp:57:5:[m[K [01;31m[Kerror: [m[K‘[01m[Kvis_pub_[m[K’ was not declared in this scope
     vis_pub_ = nh.advertise<visualization_msgs::MarkerArray>("puzzle_path", 0);
[01;32m[K     ^[m[K
[01m[K/home/jyk/ws_catkin/src/myworkcell_core/src/adv_descartes_node.cpp:[m[K In member function ‘[01m[Kbool CartesianPlanner::initDescartes()[m[K’:
[01m[K/home/jyk/ws_catkin/src/myworkcell_core/src/adv_descartes_node.cpp:63:5:[m[K [01;31m[Kerror: [m[K‘[01m[Kmodel_[m[K’ was not declared in this scope
     model_ = boost::make_shared<ur5_demo_descartes::UR5RobotModel>();
[01;32m[K     ^[m[K
[01m[K/home/jyk/ws_catkin/src/myworkcell_core/src/adv_descartes_node.cpp:79:10:[m[K [01;31m[Kerror: [m[K‘[01m[Kplanner_[m[K’ was not declared in this scope
     if (!planner_.initialize(model_))
[01;32m[K          ^[m[K
[01m[K/home/jyk/ws_catkin/src/myworkcell_core/src/adv_descartes_node.cpp:[m[K In member function ‘[01m[Kbool CartesianPlanner::planPath(myworkcell_core::PlanCartesianPathRequest&, myworkcell_core::PlanCartesianPathResponse&)[m[K’:
[01m[K/home/jyk/ws_catkin/src/myworkcell_core/src/adv_descartes_node.cpp:94:64:[m[K [01;31m[Kerror: [m[K‘[01m[KmakePuzzleToolPoses[m[K’ was not declared in this scope
     EigenSTL::vector_Affine3d tool_poses = makePuzzleToolPoses();//makeToolPoses();
[01;32m[K                                                                ^[m[K
[01m[K/home/jyk/ws_catkin/src/myworkcell_core/src/adv_descartes_node.cpp:95:35:[m[K [01;31m[Kerror: [m[K‘[01m[KvisualizePuzzlePath[m[K’ was not declared in this scope
     visualizePuzzlePath(tool_poses);
[01;32m[K                                   ^[m[K
[01m[K/home/jyk/ws_catkin/src/myworkcell_core/src/adv_descartes_node.cpp:98:91:[m[K [01;31m[Kerror: [m[K‘[01m[KmakeDescartesTrajectory[m[K’ was not declared in this scope
     std::vector<descartes_core::TrajectoryPtPtr> path = makeDescartesTrajectory(tool_poses);
[01;32m[K                                                                                           ^[m[K
[01m[K/home/jyk/ws_catkin/src/myworkcell_core/src/adv_descartes_node.cpp:99:5:[m[K [01;31m[Kerror: [m[K‘[01m[KROS_INFO_STREAM[m[K’ was not declared in this scope
     ROS_INFO_STREAM(tool_pose.size();
[01;32m[K     ^[m[K
[01m[K/home/jyk/ws_catkin/src/myworkcell_core/src/adv_descartes_node.cpp:99:5:[m[K [01;31m[Kerror: [m[Kexpected ‘[01m[K}[m[K’ at end of input
[01m[K/home/jyk/ws_catkin/src/myworkcell_core/src/adv_descartes_node.cpp:[m[K At global scope:
[01m[K/home/jyk/ws_catkin/src/myworkcell_core/src/adv_descartes_node.cpp:99:5:[m[K [01;31m[Kerror: [m[Kexpected unqualified-id at end of input
CMakeFiles/adv_descartes_node.dir/build.make:62: recipe for target 'CMakeFiles/adv_descartes_node.dir/src/adv_descartes_node.cpp.o' failed
make[2]: *** [CMakeFiles/adv_descartes_node.dir/src/adv_descartes_node.cpp.o] Error 1
CMakeFiles/Makefile2:276: recipe for target 'CMakeFiles/adv_descartes_node.dir/all' failed
make[1]: *** [CMakeFiles/adv_descartes_node.dir/all] Error 2
Makefile:138: recipe for target 'all' failed
make: *** [all] Error 2
