[  0%] Built target trajectory_msgs_generate_messages_lisp
[  0%] Built target geometry_msgs_generate_messages_lisp
[  0%] Built target trajectory_msgs_generate_messages_py
[  0%] Built target _myworkcell_core_generate_messages_check_deps_LocalizePart
[  0%] Built target _myworkcell_core_generate_messages_check_deps_PlanCartesianPath
[  0%] Built target geometry_msgs_generate_messages_py
[  0%] Built target trajectory_msgs_generate_messages_nodejs
[  0%] Built target geometry_msgs_generate_messages_nodejs
[  0%] Built target sensor_msgs_generate_messages_cpp
[  0%] Built target tf_generate_messages_py
[  0%] Built target object_recognition_msgs_generate_messages_nodejs
[  0%] Built target tf_generate_messages_nodejs
[  0%] Built target roscpp_generate_messages_py
[  0%] Built target actionlib_generate_messages_cpp
[  0%] Built target rosgraph_msgs_generate_messages_py
[  0%] Built target moveit_msgs_generate_messages_eus
[  0%] Built target std_msgs_generate_messages_nodejs
[  0%] Built target fake_ar_publisher_generate_messages_eus
[  0%] Built target geometry_msgs_generate_messages_cpp
[  0%] Built target trajectory_msgs_generate_messages_cpp
[  0%] Built target octomap_msgs_generate_messages_nodejs
[  0%] Built target sensor_msgs_generate_messages_eus
[  0%] Built target sensor_msgs_generate_messages_nodejs
[  0%] Built target std_msgs_generate_messages_cpp
[  0%] Built target actionlib_msgs_generate_messages_cpp
[  0%] Built target visualization_msgs_generate_messages_nodejs
[  0%] Built target visualization_msgs_generate_messages_cpp
[  0%] Built target visualization_msgs_generate_messages_eus
[  0%] Built target tf_generate_messages_cpp
[  0%] Built target sensor_msgs_generate_messages_lisp
[  0%] Built target object_recognition_msgs_generate_messages_py
[  0%] Built target shape_msgs_generate_messages_lisp
[  0%] Built target fake_ar_publisher_generate_messages_lisp
[  0%] Built target geometry_msgs_generate_messages_eus
[  0%] Built target moveit_msgs_generate_messages_py
[  0%] Built target visualization_msgs_generate_messages_lisp
[  0%] Built target fake_ar_publisher_generate_messages_py
[  0%] Built target std_msgs_generate_messages_lisp
[  0%] Built target roscpp_generate_messages_eus
[  0%] Built target rosgraph_msgs_generate_messages_cpp
[  0%] Built target object_recognition_msgs_generate_messages_lisp
[  0%] Built target rosgraph_msgs_generate_messages_nodejs
[  0%] Built target moveit_msgs_generate_messages_cpp
[  0%] Built target tf_generate_messages_eus
[  0%] Built target sensor_msgs_generate_messages_py
[  0%] Built target roscpp_generate_messages_nodejs
[  0%] Built target shape_msgs_generate_messages_cpp
[  0%] Built target rosgraph_msgs_generate_messages_lisp
[  0%] Built target rosgraph_msgs_generate_messages_eus
[  0%] Built target std_msgs_generate_messages_py
[  0%] Built target fake_ar_publisher_generate_messages_cpp
[  0%] Built target actionlib_msgs_generate_messages_lisp
[  0%] Built target visualization_msgs_generate_messages_py
[  0%] Built target std_msgs_generate_messages_eus
[  0%] Built target actionlib_generate_messages_lisp
[  0%] Built target actionlib_generate_messages_eus
[  0%] Built target actionlib_msgs_generate_messages_eus
[  0%] Built target actionlib_generate_messages_py
[  0%] Built target actionlib_msgs_generate_messages_nodejs
[  0%] Built target tf2_msgs_generate_messages_cpp
[  0%] Built target tf2_msgs_generate_messages_eus
[  0%] Built target fake_ar_publisher_generate_messages_nodejs
[  0%] Built target tf2_msgs_generate_messages_lisp
[  0%] Built target tf2_msgs_generate_messages_nodejs
[  0%] Built target shape_msgs_generate_messages_eus
[  0%] Built target moveit_ros_planning_gencfg
[  0%] Built target actionlib_msgs_generate_messages_py
[  0%] Built target shape_msgs_generate_messages_nodejs
[  0%] Built target shape_msgs_generate_messages_py
[  0%] Built target tf2_msgs_generate_messages_py
[  0%] Built target moveit_msgs_generate_messages_lisp
[  0%] Built target tf_generate_messages_lisp
[  0%] Built target moveit_msgs_generate_messages_nodejs
[  9%] Built target myworkcell_core_generate_messages_cpp
[  9%] Built target actionlib_generate_messages_nodejs
[  9%] Built target object_recognition_msgs_generate_messages_cpp
[  9%] Built target trajectory_msgs_generate_messages_eus
[  9%] Built target octomap_msgs_generate_messages_eus
[  9%] Built target roscpp_generate_messages_lisp
[  9%] Built target octomap_msgs_generate_messages_cpp
[  9%] Built target object_recognition_msgs_generate_messages_eus
[  9%] Built target octomap_msgs_generate_messages_lisp
[  9%] Built target octomap_msgs_generate_messages_py
[  9%] Built target roscpp_generate_messages_cpp
[  9%] Built target moveit_ros_manipulation_gencfg
[ 18%] Built target myworkcell_core_generate_messages_lisp
[ 31%] Built target myworkcell_core_generate_messages_py
[ 40%] Built target myworkcell_core_generate_messages_nodejs
[ 54%] Built target myworkcell_core_generate_messages_eus
[35m[1mScanning dependencies of target adv_descartes_node[0m
[ 63%] Built target descartes_node
[ 72%] Built target myworkcell_node
[ 81%] Built target adv_myworkcell_node
[ 81%] Built target myworkcell_core_generate_messages
[ 86%] [32mBuilding CXX object CMakeFiles/adv_descartes_node.dir/src/adv_descartes_node.cpp.o[0m
[ 95%] Built target vision_node
[100%] [32m[1mLinking CXX executable /home/jyk/ws_catkin/devel/.private/myworkcell_core/lib/myworkcell_core/adv_descartes_node[0m
[100%] Built target adv_descartes_node
